[gettrumpmemes.com/index.html]
[backblue.gif]
[fade.gif]
[index.html]
[gettrumpmemes.com/css/normalize.css]
[gettrumpmemes.com/css/components.css]
[gettrumpmemes.com/css/relume-template---sept-20-ecece4197fc38.css]
[ajax.googleapis.com/ajax/libs/webfont/1.6.26/webfont.js]
[use.typekit.net/tkq1swc.js]
[gettrumpmemes.com/images/favicon.png]
[gettrumpmemes.com/images/webclip.png]
[cdn.jsdelivr.net/npm/@finsweet/attributes-copyclip@1/copyclip.js]
[gettrumpmemes.com/images/T-Meme-Logo_1.webp]
[gettrumpmemes.com/contact-us.html]
[gettrumpmemes.com/privacy.html]
[gettrumpmemes.com/images/T-Fight-Figure-3_1T-Fight-Figure-3.webp]
[gettrumpmemes.com/terms.html]
[gettrumpmemes.com/images/trump-fight-card-in-circle_1.webp]
[gettrumpmemes.com/images/TrumpCard_EnjoyMySneakers_Signiture-680_1.webp]
[gettrumpmemes.com/images/trump-favicon-256.png]
[gettrumpmemes.com/images/TMC-Allocation-Report-6.webp]
[gettrumpmemes.com/images/icons8-apple-pay.svg]
[gettrumpmemes.com/images/icons8-visa-1.svg]
[gettrumpmemes.com/images/icons8-mastercard-1.svg]
[gettrumpmemes.com/images/icons8-venmo-is-a-mobile-payment-service-owned-by-paypal.svg]
[gettrumpmemes.com/images/icons8-usdc.svg]
[gettrumpmemes.com/images/solana-sol-logo_1solana-sol-logo.webp]
[gettrumpmemes.com/images/moonshot_light.png]
[gettrumpmemes.com/images/Community-top-image_1Community-top-image.webp]
[gettrumpmemes.com/images/icons8-twitterx-1.svg]
[gettrumpmemes.com/images/icon_chevron_up.svg]
[d3e54v103j8qbb.cloudfront.net/js/jquery-3.5.1.min.dc5e7f18c8520a.js]
[gettrumpmemes.com/index.html]
[gettrumpmemes.com/css/normalize.css]
[gettrumpmemes.com/css/components.css]
[gettrumpmemes.com/js/relume-template---sept-20-ecece4197fc38.js]
[gettrumpmemes.com/images/chevron-down.svg]
[gettrumpmemes.com/images/chevron-down-white.svg]
[gettrumpmemes.com/images/Grain_Latest.png]
[gettrumpmemes.com/images/Webflow-Background.svg]
[gettrumpmemes.com/images/Black-gold-wave_1Black-gold-wave.webp]
[gettrumpmemes.com/images/dt_signature.svg]
[gettrumpmemes.com/images/Grain_50p.png]
[gettrumpmemes.com/images/iStock-2156293682.jpg]
[gettrumpmemes.com/images/intothe-rainbow-9.svg]
[gettrumpmemes.com/images/trump-silhouette.png]
[gettrumpmemes.com/images/IMG_4923_clipped_rev_1.png]
[gettrumpmemes.com/images/rippling-target-2.svg]
[gettrumpmemes.com/images/stars-stripes-3_1stars-stripes-3.webp]
[gettrumpmemes.com/images/stars-stripes-2_1stars-stripes-2.webp]
[gettrumpmemes.com/images/Community5_1Community5.webp]
[gettrumpmemes.com/fonts/fa-regular-400.woff2]
[gettrumpmemes.com/fonts/fa-brands-400.woff2]
[gettrumpmemes.com/fonts/fa-solid-900.woff2]
[gettrumpmemes.com/css/relume-template---sept-20-ecece4197fc38.css]
[www.googletagmanager.com/gtm5445.html]
[gettrumpmemes.com/cdn-cgi/l/email-protection.html]
[gettrumpmemes.com/contact-us.html]
[gettrumpmemes.com/privacy.html]
[gettrumpmemes.com/terms.html]
[gettrumpmemes.com/images/icons8-apple-pay.svg]
[gettrumpmemes.com/images/icons8-visa-1.svg]
[gettrumpmemes.com/images/icons8-mastercard-1.svg]
[gettrumpmemes.com/images/icons8-venmo-is-a-mobile-payment-service-owned-by-paypal.svg]
[gettrumpmemes.com/images/icons8-usdc.svg]
[gettrumpmemes.com/images/icons8-twitterx-1.svg]
[gettrumpmemes.com/images/icon_chevron_up.svg]
[gettrumpmemes.com/images/chevron-down.svg]
[gettrumpmemes.com/images/chevron-down-white.svg]
[gettrumpmemes.com/images/Webflow-Background.svg]
[gettrumpmemes.com/images/dt_signature.svg]
[gettrumpmemes.com/images/intothe-rainbow-9.svg]
[gettrumpmemes.com/images/rippling-target-2.svg]
[gettrumpmemes.com/cdn-cgi/l/email-protection.html]
[gettrumpmemes.com/cdn-cgi/scripts/5c5dd728/cloudflare-static/email-decode.min.js]
